<?xml version="1.0" encoding="UTF-8"?>
<testng-results skipped="0" failed="0" total="1" passed="1">
  <reporter-output>
  </reporter-output>
  <suite name="Suite" duration-ms="4992" started-at="2016-02-09T11:06:45Z" finished-at="2016-02-09T11:06:50Z">
    <groups>
    </groups>
    <test name="Test" duration-ms="4992" started-at="2016-02-09T11:06:45Z" finished-at="2016-02-09T11:06:50Z">
      <class name="com.appium.ios.AppiumTestCases">
        <test-method status="PASS" signature="setUp()[pri:0, instance:com.appium.ios.AppiumTestCases@6870a688]" name="setUp" is-config="true" duration-ms="11613" started-at="2016-02-09T16:36:34Z" finished-at="2016-02-09T16:36:45Z">
          <reporter-output>
          </reporter-output>
        </test-method> <!-- setUp -->
        <test-method status="PASS" signature="testiOS()[pri:0, instance:com.appium.ios.AppiumTestCases@6870a688]" name="testiOS" duration-ms="4969" started-at="2016-02-09T16:36:46Z" finished-at="2016-02-09T16:36:50Z">
          <reporter-output>
          </reporter-output>
        </test-method> <!-- testiOS -->
        <test-method status="PASS" signature="tearDown()[pri:0, instance:com.appium.ios.AppiumTestCases@6870a688]" name="tearDown" is-config="true" duration-ms="1430" started-at="2016-02-09T16:36:50Z" finished-at="2016-02-09T16:36:52Z">
          <reporter-output>
          </reporter-output>
        </test-method> <!-- tearDown -->
      </class> <!-- com.appium.ios.AppiumTestCases -->
    </test> <!-- Test -->
  </suite> <!-- Suite -->
</testng-results>
